<?xml version="1.0" encoding="UTF-8"?>
<testng-results ignored="0" total="1" passed="1" failed="0" skipped="0">
  <reporter-output>
  </reporter-output>
  <suite started-at="2021-05-29T10:10:47 EDT" name="Default suite" finished-at="2021-05-29T10:11:39 EDT" duration-ms="52109">
    <groups>
    </groups>
    <test started-at="2021-05-29T10:10:47 EDT" name="Default test" finished-at="2021-05-29T10:11:39 EDT" duration-ms="52109">
      <class name="Com.AutomationLearner.BootCampSpring2021.PassengersTicketBookingForm">
        <test-method is-config="true" signature="browsers()[pri:0, instance:Com.AutomationLearner.BootCampSpring2021.PassengersTicketBookingForm@212b5695]" started-at="2021-05-29T10:10:47 EDT" name="browsers" finished-at="2021-05-29T10:10:59 EDT" duration-ms="12148" status="PASS">
          <reporter-output>
          </reporter-output>
        </test-method> <!-- browsers -->
        <test-method signature="PositivSecnarioTest()[pri:0, instance:Com.AutomationLearner.BootCampSpring2021.PassengersTicketBookingForm@212b5695]" started-at="2021-05-29T10:10:59 EDT" name="PositivSecnarioTest" finished-at="2021-05-29T10:11:39 EDT" duration-ms="39902" status="PASS">
          <reporter-output>
          </reporter-output>
        </test-method> <!-- PositivSecnarioTest -->
        <test-method is-config="true" signature="afterTest()[pri:0, instance:Com.AutomationLearner.BootCampSpring2021.PassengersTicketBookingForm@212b5695]" started-at="2021-05-29T10:11:39 EDT" name="afterTest" finished-at="2021-05-29T10:11:39 EDT" duration-ms="2" status="PASS">
          <reporter-output>
          </reporter-output>
        </test-method> <!-- afterTest -->
      </class> <!-- Com.AutomationLearner.BootCampSpring2021.PassengersTicketBookingForm -->
    </test> <!-- Default test -->
  </suite> <!-- Default suite -->
</testng-results>
